TN:
SF:src/app.ts
FN:26,(anonymous_1)
FN:37,init
FN:42,close
FNF:3
FNH:2
FNDA:1,(anonymous_1)
FNDA:11,init
FNDA:0,close
DA:1,11
DA:2,11
DA:3,11
DA:4,11
DA:6,11
DA:8,11
DA:10,11
DA:11,11
DA:22,11
DA:23,11
DA:26,1
DA:37,11
DA:38,11
DA:39,11
DA:42,11
DA:43,0
DA:46,11
LF:17
LH:16
BRF:0
BRH:0
end_of_record
TN:
SF:src/server.ts
FN:5,(anonymous_6)
FN:6,(anonymous_7)
FNF:2
FNH:0
FNDA:0,(anonymous_6)
FNDA:0,(anonymous_7)
DA:1,0
DA:3,0
DA:5,0
DA:6,0
DA:8,0
LF:5
LH:0
BRDA:3,0,0,0
BRDA:3,0,1,0
BRF:2
BRH:0
end_of_record
TN:
SF:src/config/database.ts
FN:4,connectDb
FN:8,disconnectDB
FNF:2
FNH:1
FNDA:11,connectDb
FNDA:0,disconnectDB
DA:1,14
DA:4,14
DA:5,11
DA:8,14
DA:9,0
LF:5
LH:4
BRF:0
BRH:0
end_of_record
TN:
SF:src/config/envs.ts
FN:4,loadEnv
FNF:1
FNH:1
FNDA:25,loadEnv
DA:1,14
DA:2,14
DA:4,14
DA:6,25
DA:12,25
DA:13,25
LF:6
LH:6
BRDA:6,0,0,25
BRDA:6,0,1,0
BRDA:8,1,0,0
BRDA:8,1,1,0
BRF:4
BRH:1
end_of_record
TN:
SF:src/config/index.ts
FNF:0
FNH:0
DA:1,14
DA:2,14
LF:2
LH:2
BRF:0
BRH:0
end_of_record
TN:
SF:src/controllers/authentication-controller.ts
FN:5,singInPost
FNF:1
FNH:1
FNDA:5,singInPost
DA:2,11
DA:3,11
DA:5,11
DA:6,5
DA:8,5
DA:9,5
DA:11,3
DA:13,2
LF:8
LH:8
BRF:0
BRH:0
end_of_record
TN:
SF:src/controllers/bookings-controller.ts
FN:6,getBooking
FN:17,storeBooking
FN:29,updateBooking
FNF:3
FNH:3
FNDA:2,getBooking
FNDA:7,storeBooking
FNDA:8,updateBooking
DA:1,11
DA:4,11
DA:6,11
DA:7,2
DA:9,2
DA:10,2
DA:11,1
DA:13,1
DA:17,11
DA:18,7
DA:19,7
DA:21,7
DA:22,7
DA:23,1
DA:25,6
DA:29,11
DA:30,8
DA:31,8
DA:32,8
DA:34,8
DA:35,8
DA:36,1
DA:38,7
LF:23
LH:23
BRF:0
BRH:0
end_of_record
TN:
SF:src/controllers/enrollments-controller.ts
FN:6,getEnrollmentByUser
FN:18,postCreateOrUpdateEnrollment
FN:31,getAddressFromCEP
FNF:3
FNH:3
FNDA:2,getEnrollmentByUser
FNDA:2,postCreateOrUpdateEnrollment
FNDA:2,getAddressFromCEP
DA:2,11
DA:4,11
DA:6,11
DA:7,2
DA:9,2
DA:10,2
DA:12,1
DA:14,1
DA:18,11
DA:19,2
DA:20,2
DA:25,2
DA:27,0
DA:31,11
DA:32,2
DA:34,2
DA:35,2
DA:36,1
DA:38,1
DA:39,1
LF:20
LH:19
BRDA:38,0,0,1
BRF:1
BRH:1
end_of_record
TN:
SF:src/controllers/events-controller.ts
FN:5,getDefaultEvent
FNF:1
FNH:1
FNDA:2,getDefaultEvent
DA:2,11
DA:3,11
DA:5,11
DA:6,2
DA:7,2
DA:8,1
DA:10,1
LF:7
LH:7
BRF:0
BRH:0
end_of_record
TN:
SF:src/controllers/hotel-controller.ts
FN:6,getHotels
FN:17,getHotelsWithRooms
FNF:2
FNH:2
FNDA:4,getHotels
FNDA:5,getHotelsWithRooms
DA:1,11
DA:4,11
DA:6,11
DA:7,4
DA:9,4
DA:10,4
DA:11,1
DA:13,3
DA:17,11
DA:18,5
DA:19,5
DA:21,5
DA:22,5
DA:24,1
DA:26,4
LF:15
LH:15
BRF:0
BRH:0
end_of_record
TN:
SF:src/controllers/index.ts
FNF:0
FNH:0
DA:1,11
DA:2,11
DA:3,11
DA:4,11
DA:5,11
DA:6,11
LF:6
LH:6
BRF:0
BRH:0
end_of_record
TN:
SF:src/controllers/payments-controller.ts
FN:6,getPaymentByTicketId
FN:25,paymentProcess
FNF:2
FNH:2
FNDA:4,getPaymentByTicketId
FNDA:7,paymentProcess
DA:2,11
DA:4,11
DA:6,11
DA:7,4
DA:8,4
DA:9,4
DA:11,4
DA:13,3
DA:14,1
DA:16,1
DA:18,2
DA:19,1
DA:21,1
DA:25,11
DA:26,7
DA:27,7
DA:29,7
DA:30,7
DA:32,5
DA:33,3
DA:35,3
DA:37,2
DA:38,1
DA:40,1
LF:24
LH:24
BRDA:11,0,0,1
BRDA:14,1,0,0
BRDA:18,2,0,1
BRDA:30,3,0,2
BRDA:30,4,0,7
BRDA:30,4,1,6
BRDA:33,5,0,0
BRDA:37,6,0,1
BRF:8
BRH:6
end_of_record
TN:
SF:src/controllers/tickets-controller.ts
FN:7,getTicketTypes
FN:16,getTickets
FN:27,createTicket
FNF:3
FNH:3
FNDA:2,getTicketTypes
FNDA:3,getTickets
FNDA:3,createTicket
DA:2,11
DA:4,11
DA:7,11
DA:8,2
DA:9,2
DA:10,2
DA:12,0
DA:16,11
DA:17,3
DA:19,3
DA:20,3
DA:21,1
DA:23,2
DA:27,11
DA:28,3
DA:29,3
DA:31,3
DA:32,3
DA:33,2
DA:35,1
LF:20
LH:19
BRF:0
BRH:0
end_of_record
TN:
SF:src/controllers/users-controller.ts
FN:5,usersPost
FNF:1
FNH:1
FNDA:6,usersPost
DA:2,11
DA:3,11
DA:5,11
DA:6,6
DA:8,6
DA:9,6
DA:10,3
DA:15,3
DA:16,1
DA:18,2
LF:10
LH:10
BRDA:15,0,0,1
BRF:1
BRH:1
end_of_record
TN:
SF:src/errors/cannot-enroll-before-start-date-error.ts
FN:3,cannotEnrollBeforeStartDateError
FNF:1
FNH:1
FNDA:2,cannotEnrollBeforeStartDateError
DA:3,11
DA:4,2
LF:2
LH:2
BRF:0
BRH:0
end_of_record
TN:
SF:src/errors/cannot-list-hotels-error.ts
FN:3,cannotListHotelsError
FNF:1
FNH:1
FNDA:2,cannotListHotelsError
DA:3,11
DA:4,2
LF:2
LH:2
BRF:0
BRH:0
end_of_record
TN:
SF:src/errors/conflict-error.ts
FN:3,conflictError
FNF:1
FNH:0
FNDA:0,conflictError
DA:3,11
DA:4,0
LF:2
LH:1
BRF:0
BRH:0
end_of_record
TN:
SF:src/errors/forbidden-error.ts
FN:3,forbiddenError
FNF:1
FNH:1
FNDA:11,forbiddenError
DA:3,11
DA:4,11
LF:2
LH:2
BRF:0
BRH:0
end_of_record
TN:
SF:src/errors/index.ts
FNF:0
FNH:0
DA:1,11
DA:2,11
DA:3,11
DA:4,11
DA:5,11
DA:6,11
DA:7,11
LF:7
LH:7
BRF:0
BRH:0
end_of_record
TN:
SF:src/errors/invalid-data-error.ts
FN:3,invalidDataError
FNF:1
FNH:1
FNDA:8,invalidDataError
DA:3,11
DA:4,8
LF:2
LH:2
BRF:0
BRH:0
end_of_record
TN:
SF:src/errors/invalid-email-error.ts
FN:3,invalidEmailError
FNF:1
FNH:0
FNDA:0,invalidEmailError
DA:3,11
DA:4,0
LF:2
LH:1
BRF:0
BRH:0
end_of_record
TN:
SF:src/errors/not-found-error.ts
FN:3,notFoundError
FNF:1
FNH:1
FNDA:16,notFoundError
DA:3,11
DA:4,16
LF:2
LH:2
BRF:0
BRH:0
end_of_record
TN:
SF:src/errors/request-error.ts
FN:3,requestError
FNF:1
FNH:1
FNDA:1,requestError
DA:3,11
DA:4,1
LF:2
LH:2
BRF:0
BRH:0
end_of_record
TN:
SF:src/errors/unauthorized-error.ts
FN:3,unauthorizedError
FNF:1
FNH:1
FNDA:38,unauthorizedError
DA:3,11
DA:4,38
LF:2
LH:2
BRF:0
BRH:0
end_of_record
TN:
SF:src/middlewares/authentication-middleware.ts
FN:8,authenticateToken
FN:33,generateUnauthorizedResponse
FNF:2
FNH:2
FNDA:89,authenticateToken
FNDA:36,generateUnauthorizedResponse
DA:2,11
DA:3,11
DA:5,11
DA:6,11
DA:8,11
DA:9,89
DA:10,89
DA:12,77
DA:13,77
DA:15,77
DA:16,77
DA:18,65
DA:23,65
DA:25,53
DA:27,53
DA:29,12
DA:34,36
LF:17
LH:17
BRDA:10,0,0,12
BRDA:13,1,0,0
BRDA:23,2,0,12
BRF:3
BRH:2
end_of_record
TN:
SF:src/middlewares/error-handling-middleware.ts
FN:5,handleApplicationErrors
FNF:1
FNH:1
FNDA:24,handleApplicationErrors
DA:2,11
DA:5,11
DA:11,24
DA:12,0
DA:17,24
DA:18,0
DA:23,24
DA:24,0
DA:29,24
DA:30,0
DA:35,24
DA:36,11
DA:41,13
DA:42,11
DA:47,2
DA:48,2
DA:54,0
DA:55,0
LF:18
LH:12
BRDA:11,0,0,0
BRDA:17,1,0,0
BRDA:17,2,0,24
BRDA:17,2,1,24
BRDA:23,3,0,0
BRDA:29,4,0,0
BRDA:35,5,0,11
BRDA:41,6,0,11
BRDA:47,7,0,2
BRF:9
BRH:5
end_of_record
TN:
SF:src/middlewares/index.ts
FNF:0
FNH:0
DA:1,11
DA:2,11
DA:3,11
LF:3
LH:3
BRF:0
BRH:0
end_of_record
TN:
SF:src/middlewares/validation-middleware.ts
FN:6,validateBody
FN:10,validateParams
FN:14,validate
FN:15,(anonymous_4)
FN:23,(anonymous_5)
FNF:5
FNH:4
FNDA:66,validateBody
FNDA:0,validateParams
FNDA:66,validate
FNDA:32,(anonymous_4)
FNDA:24,(anonymous_5)
DA:2,11
DA:4,11
DA:6,11
DA:7,66
DA:10,11
DA:11,0
DA:15,66
DA:16,32
DA:20,32
DA:21,24
DA:23,24
LF:11
LH:10
BRDA:20,0,0,24
BRDA:20,0,1,8
BRF:2
BRH:2
end_of_record
TN:
SF:src/repositories/address-repository/index.ts
FN:4,upsert
FNF:1
FNH:1
FNDA:2,upsert
DA:2,11
DA:5,2
DA:20,11
DA:24,11
LF:4
LH:4
BRF:0
BRH:0
end_of_record
TN:
SF:src/repositories/booking-repository/index.ts
FN:4,getBooking
FN:8,storeBooking
FN:12,updateBooking
FNF:3
FNH:3
FNDA:4,getBooking
FNDA:1,storeBooking
FNDA:1,updateBooking
DA:2,11
DA:5,4
DA:9,1
DA:13,1
DA:16,11
DA:22,11
LF:6
LH:6
BRF:0
BRH:0
end_of_record
TN:
SF:src/repositories/enrollment-repository/index.ts
FN:4,findByUserId
FN:10,findWithAddressByUserId
FN:19,upsert
FN:33,findById
FNF:4
FNH:4
FNDA:15,findByUserId
FNDA:17,findWithAddressByUserId
FNDA:2,upsert
FNDA:6,findById
DA:2,11
DA:5,15
DA:11,17
DA:24,2
DA:34,6
DA:42,11
DA:49,11
LF:7
LH:7
BRF:0
BRH:0
end_of_record
TN:
SF:src/repositories/event-repository/index.ts
FN:3,findFirst
FNF:1
FNH:1
FNDA:11,findFirst
DA:1,11
DA:4,11
DA:7,11
DA:11,11
LF:4
LH:4
BRF:0
BRH:0
end_of_record
TN:
SF:src/repositories/hotel-repository/index.ts
FN:3,findHotels
FN:7,findRoomsByHotelId
FNF:2
FNH:2
FNDA:2,findHotels
FNDA:3,findRoomsByHotelId
DA:1,11
DA:4,2
DA:8,3
DA:18,11
DA:23,11
LF:5
LH:5
BRF:0
BRH:0
end_of_record
TN:
SF:src/repositories/payments-repository/index.ts
FN:4,findPaymentByTicketId
FN:12,createPayment
FNF:2
FNH:2
FNDA:1,findPaymentByTicketId
FNDA:3,createPayment
DA:1,11
DA:5,1
DA:13,3
DA:21,11
LF:4
LH:4
BRF:0
BRH:0
end_of_record
TN:
SF:src/repositories/room-repository/index.ts
FN:3,getRoomWithBookings
FNF:1
FNH:1
FNDA:7,getRoomWithBookings
DA:1,11
DA:4,7
DA:14,11
DA:18,11
LF:4
LH:4
BRF:0
BRH:0
end_of_record
TN:
SF:src/repositories/session-repository/index.ts
FN:4,create
FNF:1
FNH:1
FNDA:5,create
DA:2,11
DA:5,5
DA:10,11
DA:14,11
LF:4
LH:4
BRF:0
BRH:0
end_of_record
TN:
SF:src/repositories/tickets-repository/index.ts
FN:5,findTicketTypes
FN:9,findTicketByEnrollmentId
FN:22,createTicket
FN:28,findTickeyById
FN:39,findTickeWithTypeById
FN:50,ticketProcessPayment
FNF:6
FNH:6
FNDA:2,findTicketTypes
FNDA:24,findTicketByEnrollmentId
FNDA:2,createTicket
FNDA:8,findTickeyById
FNDA:3,findTickeWithTypeById
FNDA:3,ticketProcessPayment
DA:1,11
DA:2,11
DA:6,2
DA:14,24
DA:23,2
DA:29,8
DA:40,3
DA:51,3
DA:61,11
LF:9
LH:9
BRF:0
BRH:0
end_of_record
TN:
SF:src/repositories/user-repository/index.ts
FN:4,findByEmail
FN:18,create
FNF:2
FNH:2
FNDA:16,findByEmail
FNDA:5,create
DA:2,11
DA:5,16
DA:11,16
DA:12,9
DA:15,16
DA:19,5
DA:24,11
DA:29,11
LF:8
LH:8
BRDA:11,0,0,9
BRF:1
BRH:1
end_of_record
TN:
SF:src/routers/authentication-router.ts
FNF:0
FNH:0
DA:1,11
DA:2,11
DA:3,11
DA:4,11
DA:6,11
DA:8,11
DA:10,11
LF:7
LH:7
BRF:0
BRH:0
end_of_record
TN:
SF:src/routers/bookings-router.ts
FNF:0
FNH:0
DA:1,11
DA:2,11
DA:3,11
DA:4,11
DA:6,11
DA:8,11
DA:14,11
LF:7
LH:7
BRF:0
BRH:0
end_of_record
TN:
SF:src/routers/enrollments-router.ts
FNF:0
FNH:0
DA:1,11
DA:2,11
DA:3,11
DA:4,11
DA:6,11
DA:8,11
DA:14,11
LF:7
LH:7
BRF:0
BRH:0
end_of_record
TN:
SF:src/routers/events-router.ts
FNF:0
FNH:0
DA:1,11
DA:2,11
DA:4,11
DA:6,11
DA:8,11
LF:5
LH:5
BRF:0
BRH:0
end_of_record
TN:
SF:src/routers/hotels-router.ts
FNF:0
FNH:0
DA:1,11
DA:2,11
DA:3,11
DA:5,11
DA:7,11
DA:9,11
LF:6
LH:6
BRF:0
BRH:0
end_of_record
TN:
SF:src/routers/index.ts
FNF:0
FNH:0
DA:1,11
DA:2,11
DA:3,11
DA:4,11
DA:5,11
DA:6,11
DA:7,11
DA:8,11
LF:8
LH:8
BRF:0
BRH:0
end_of_record
TN:
SF:src/routers/payments-router.ts
FNF:0
FNH:0
DA:1,11
DA:2,11
DA:3,11
DA:5,11
DA:7,11
DA:9,11
LF:6
LH:6
BRF:0
BRH:0
end_of_record
TN:
SF:src/routers/tickets-router.ts
FNF:0
FNH:0
DA:1,11
DA:2,11
DA:3,11
DA:4,11
DA:6,11
DA:8,11
DA:14,11
LF:7
LH:7
BRF:0
BRH:0
end_of_record
TN:
SF:src/routers/users-router.ts
FNF:0
FNH:0
DA:1,11
DA:3,11
DA:4,11
DA:5,11
DA:7,11
DA:9,11
DA:11,11
LF:7
LH:7
BRF:0
BRH:0
end_of_record
TN:
SF:src/schemas/authentication-schemas.ts
FNF:0
FNH:0
DA:1,14
DA:4,14
LF:2
LH:2
BRF:0
BRH:0
end_of_record
TN:
SF:src/schemas/bookings-schemas.ts
FNF:0
FNH:0
DA:1,11
DA:4,11
DA:8,11
LF:3
LH:3
BRF:0
BRH:0
end_of_record
TN:
SF:src/schemas/enrollments-schemas.ts
FN:23,(anonymous_1)
FN:30,joiCpfValidation
FN:40,JoiCepValidation
FN:50,joiMobilePhoneValidation
FNF:4
FNH:4
FNDA:378,(anonymous_1)
FNDA:29,joiCpfValidation
FNDA:19,JoiCepValidation
FNDA:23,joiMobilePhoneValidation
DA:1,14
DA:2,14
DA:5,14
DA:7,14
DA:9,14
DA:11,14
DA:23,378
DA:31,29
DA:33,29
DA:34,1
DA:37,28
DA:41,19
DA:43,19
DA:44,1
DA:47,18
DA:51,23
DA:53,23
DA:54,0
DA:57,23
LF:19
LH:18
BRDA:31,0,0,0
BRDA:33,1,0,1
BRDA:41,2,0,0
BRDA:43,3,0,1
BRDA:51,4,0,0
BRDA:53,5,0,0
BRF:6
BRH:2
end_of_record
TN:
SF:src/schemas/index.ts
FNF:0
FNH:0
DA:1,14
DA:2,14
DA:3,14
LF:3
LH:3
BRF:0
BRH:0
end_of_record
TN:
SF:src/schemas/tickets-schemas.ts
FNF:0
FNH:0
DA:1,11
DA:4,11
LF:2
LH:2
BRF:0
BRH:0
end_of_record
TN:
SF:src/schemas/users-schemas.ts
FNF:0
FNH:0
DA:1,14
DA:4,14
LF:2
LH:2
BRF:0
BRH:0
end_of_record
TN:
SF:src/services/index.ts
FNF:0
FNH:0
DA:1,0
DA:2,0
DA:3,0
DA:4,0
LF:4
LH:0
BRF:0
BRH:0
end_of_record
TN:
SF:src/services/authentication-service/errors.ts
FN:3,invalidCredentialsError
FNF:1
FNH:1
FNDA:6,invalidCredentialsError
DA:3,11
DA:4,6
LF:2
LH:2
BRF:0
BRH:0
end_of_record
TN:
SF:src/services/authentication-service/index.ts
FN:9,signIn
FN:24,getUserOrFail
FN:31,createSession
FN:41,validatePasswordOrFail
FNF:4
FNH:4
FNDA:9,signIn
FNDA:9,getUserOrFail
FNDA:5,createSession
FNDA:7,validatePasswordOrFail
DA:2,11
DA:3,11
DA:4,11
DA:5,11
DA:6,11
DA:7,11
DA:10,9
DA:12,9
DA:14,7
DA:16,5
DA:18,5
DA:25,9
DA:26,9
DA:28,7
DA:32,5
DA:33,5
DA:38,5
DA:42,7
DA:43,7
DA:55,11
DA:59,11
DA:60,11
LF:22
LH:22
BRDA:26,0,0,2
BRDA:43,1,0,2
BRF:2
BRH:2
end_of_record
TN:
SF:src/services/bookings-service/index.ts
FN:8,getBooking
FN:15,storeBooking
FN:26,updateBooking
FN:42,verifyValidEnrollmentAndTicket
FNF:4
FNH:4
FNDA:2,getBooking
FNDA:7,storeBooking
FNDA:8,updateBooking
FNDA:15,verifyValidEnrollmentAndTicket
DA:1,11
DA:2,11
DA:3,11
DA:4,11
DA:5,11
DA:6,11
DA:9,2
DA:10,2
DA:12,1
DA:16,7
DA:18,3
DA:19,3
DA:20,2
DA:22,1
DA:23,1
DA:27,8
DA:29,4
DA:30,4
DA:31,3
DA:33,2
DA:34,2
DA:36,1
DA:38,1
DA:39,1
DA:43,15
DA:44,15
DA:46,13
DA:47,13
DA:49,11
DA:50,4
DA:53,7
DA:56,11
LF:32
LH:32
BRDA:10,0,0,1
BRDA:19,1,0,1
BRDA:20,2,0,1
BRDA:30,3,0,1
BRDA:31,4,0,1
BRDA:34,5,0,1
BRDA:36,6,0,0
BRDA:44,7,0,2
BRDA:47,8,0,2
BRDA:49,9,0,4
BRDA:49,10,0,11
BRDA:49,10,1,11
BRDA:49,10,2,9
BRF:13
BRH:12
end_of_record
TN:
SF:src/services/enrollments-service/index.ts
FN:9,getAddressFromCEP
FN:29,getOneWithAddressByUserId
FN:45,getFirstAddress
FN:53,createOrUpdateEnrollmentWithAddress
FN:68,getAddressForUpsert
FNF:5
FNH:5
FNDA:4,getAddressFromCEP
FNDA:2,getOneWithAddressByUserId
FNDA:1,getFirstAddress
FNDA:2,createOrUpdateEnrollmentWithAddress
FNDA:2,getAddressForUpsert
DA:2,11
DA:3,11
DA:4,11
DA:5,11
DA:6,11
DA:10,4
DA:12,4
DA:13,1
DA:16,3
DA:18,3
DA:26,3
DA:30,2
DA:32,2
DA:34,1
DA:35,1
DA:37,1
DA:46,1
DA:48,1
DA:54,2
DA:55,2
DA:57,2
DA:58,2
DA:60,0
DA:63,2
DA:65,2
DA:69,2
DA:79,11
DA:85,11
LF:28
LH:27
BRDA:12,0,0,1
BRDA:12,1,0,4
BRDA:12,1,1,3
BRDA:32,2,0,1
BRDA:39,3,0,1
BRDA:39,3,1,1
BRDA:46,4,0,0
BRDA:71,5,0,2
BRDA:71,5,1,2
BRF:9
BRH:8
end_of_record
TN:
SF:src/services/events-service/index.ts
FN:7,getFirstEvent
FN:16,isCurrentEventActive
FNF:2
FNH:2
FNDA:2,getFirstEvent
FNDA:9,isCurrentEventActive
DA:2,11
DA:3,11
DA:4,11
DA:5,11
DA:8,2
DA:9,2
DA:11,1
DA:17,9
DA:18,9
DA:20,8
DA:21,8
DA:22,8
DA:24,8
DA:27,11
DA:32,11
LF:15
LH:15
BRDA:9,0,0,1
BRDA:18,1,0,1
BRDA:24,2,0,8
BRDA:24,2,1,7
BRF:4
BRH:4
end_of_record
TN:
SF:src/services/hotels-service/index.ts
FN:7,listHotels
FN:19,getHotels
FN:29,getHotelsWithRooms
FNF:3
FNH:3
FNDA:9,listHotels
FNDA:4,getHotels
FNDA:5,getHotelsWithRooms
DA:1,11
DA:2,11
DA:3,11
DA:4,11
DA:5,11
DA:8,9
DA:9,9
DA:10,2
DA:12,7
DA:14,7
DA:15,2
DA:20,4
DA:22,2
DA:23,2
DA:24,1
DA:26,1
DA:30,5
DA:32,3
DA:34,3
DA:35,2
DA:37,1
DA:40,11
LF:22
LH:22
BRDA:9,0,0,2
BRDA:14,1,0,2
BRDA:14,2,0,7
BRDA:14,2,1,7
BRDA:14,2,2,7
BRDA:14,2,3,5
BRDA:23,3,0,1
BRDA:23,4,0,2
BRDA:23,4,1,2
BRDA:34,5,0,2
BRDA:34,6,0,3
BRDA:34,6,1,2
BRF:12
BRH:12
end_of_record
TN:
SF:src/services/payments-service/index.ts
FN:7,verifyTicketAndEnrollment
FN:17,getPaymentByTicketId
FN:26,paymentProcess
FNF:3
FNH:3
FNDA:8,verifyTicketAndEnrollment
FNDA:3,getPaymentByTicketId
FNDA:5,paymentProcess
DA:1,11
DA:3,11
DA:4,11
DA:5,11
DA:8,8
DA:9,8
DA:11,6
DA:12,6
DA:14,6
DA:18,3
DA:20,1
DA:21,1
DA:23,1
DA:27,5
DA:29,3
DA:31,3
DA:38,3
DA:40,3
DA:42,3
DA:45,11
LF:20
LH:20
BRDA:9,0,0,2
BRDA:12,1,0,0
BRDA:14,2,0,2
BRDA:21,3,0,0
BRF:4
BRH:2
end_of_record
TN:
SF:src/services/tickets-service/index.ts
FN:7,getTicketType
FN:14,getTicketByUserId
FN:24,createTicket
FNF:3
FNH:3
FNDA:2,getTicketType
FNDA:3,getTicketByUserId
FNDA:3,createTicket
DA:1,11
DA:2,11
DA:3,11
DA:4,11
DA:8,2
DA:9,2
DA:11,2
DA:15,3
DA:16,3
DA:18,2
DA:19,2
DA:21,1
DA:25,3
DA:26,3
DA:28,2
DA:34,2
DA:36,2
DA:38,2
DA:41,11
DA:43,11
LF:20
LH:20
BRDA:9,0,0,0
BRDA:16,1,0,1
BRDA:19,2,0,1
BRDA:26,3,0,1
BRF:4
BRH:3
end_of_record
TN:
SF:src/services/users-service/errors.ts
FN:3,duplicatedEmailError
FNF:1
FNH:1
FNDA:4,duplicatedEmailError
DA:3,11
DA:4,4
LF:2
LH:2
BRF:0
BRH:0
end_of_record
TN:
SF:src/services/users-service/index.ts
FN:8,createUser
FN:20,validateUniqueEmailOrFail
FN:27,canEnrollOrFail
FNF:3
FNH:3
FNDA:9,createUser
FNDA:7,validateUniqueEmailOrFail
FNDA:9,canEnrollOrFail
DA:2,11
DA:3,11
DA:4,11
DA:5,11
DA:6,11
DA:8,11
DA:9,9
DA:11,7
DA:13,5
DA:14,5
DA:21,7
DA:22,7
DA:23,2
DA:28,9
DA:29,9
DA:30,2
DA:36,11
DA:40,11
DA:41,11
LF:19
LH:19
BRDA:22,0,0,2
BRDA:29,1,0,2
BRF:2
BRH:2
end_of_record
TN:
SF:src/utils/prisma-utils.ts
FN:1,exclude
FNF:1
FNH:1
FNDA:12,exclude
DA:1,11
DA:2,12
DA:3,12
DA:4,18
DA:6,12
LF:5
LH:5
BRF:0
BRH:0
end_of_record
TN:
SF:src/utils/request.ts
FN:4,get
FNF:1
FNH:1
FNDA:4,get
DA:1,11
DA:2,11
DA:5,4
DA:6,4
DA:7,3
DA:9,1
DA:11,1
DA:15,11
LF:8
LH:8
BRF:0
BRH:0
end_of_record
